Base path: D:/Program Files/Unity/Editor/Data
Pipe name: \\.\pipe\UnityShaderCompiler-64bit-1-1260
Cmd: getPlatforms
Cmd: compileSnippet
  api=4 type=0 insize=70382 outsize=4012 kw=DIRECTIONAL SHADOWS_OFF LIGHTMAP_OFF DIRLIGHTMAP_OFF DYNAMICLIGHTMAP_OFF pd= ok=1
Cmd: compileSnippet
  api=4 type=1 insize=70382 outsize=11706 kw=DIRECTIONAL SHADOWS_OFF LIGHTMAP_OFF DIRLIGHTMAP_OFF DYNAMICLIGHTMAP_OFF pd= ok=1
Cmd: preprocess
  insize=4204 outsize=1197 ok=1
Cmd: compileSnippet
  error: 2 plat 4 at (116): undeclared identifier 'viewVector'\nCompiling Vertex program
  api=4 type=0 insize=3308 outsize=0 kw= pd= ok=0
Cmd: preprocess
  insize=4200 outsize=1196 ok=1
Cmd: compileSnippet
  error: 2 plat 4 at (116): 'dot': no matching 2 parameter intrinsic function; Possible intrinsic functions are: dot(floatM|halfM|doubleM|min10floatM|min16floatM|intM|uintM|min12intM|min16intM|min16uintM, floatM|halfM|doubleM|min10floatM|min16floatM|intM|uintM|min12intM|min16intM|min16uintM)\nCompiling Vertex program
  error: 2 plat 4 at (116): undeclared identifier 'worldNormal'\nCompiling Vertex program
  api=4 type=0 insize=3304 outsize=0 kw= pd= ok=0
Cmd: preprocess
  insize=4225 outsize=1196 ok=1
Cmd: compileSnippet
  error: 2 plat 4 at (116): 'dot': no matching 2 parameter intrinsic function; Possible intrinsic functions are: dot(floatM|halfM|doubleM|min10floatM|min16floatM|intM|uintM|min12intM|min16intM|min16uintM, floatM|halfM|doubleM|min10floatM|min16floatM|intM|uintM|min12intM|min16intM|min16uintM)\nCompiling Vertex program
  error: 2 plat 4 at (116): undeclared identifier 'worldNormal'\nCompiling Vertex program
  api=4 type=0 insize=3329 outsize=0 kw= pd= ok=0
Cmd: preprocess
  insize=4220 outsize=1197 ok=1
Cmd: compileSnippet
  api=4 type=0 insize=3324 outsize=2452 kw= pd= ok=1
Cmd: compileSnippet
  api=4 type=1 insize=3324 outsize=5385 kw= pd= ok=1
Cmd: preprocess
  insize=4221 outsize=1198 ok=1
Cmd: preprocess
  insize=4292 outsize=1198 ok=1
Cmd: compileSnippet
  api=4 type=0 insize=3395 outsize=2452 kw= pd= ok=1
Cmd: compileSnippet
  api=4 type=1 insize=3395 outsize=2793 kw= pd= ok=1
Cmd: preprocess
  insize=4309 outsize=1198 ok=1
Cmd: compileSnippet
  api=4 type=0 insize=3412 outsize=2452 kw= pd= ok=1
Cmd: compileSnippet
  api=4 type=1 insize=3412 outsize=2858 kw= pd= ok=1
Cmd: preprocess
  insize=4344 outsize=1198 ok=1
Cmd: compileSnippet
  api=4 type=0 insize=3447 outsize=2452 kw= pd= ok=1
Cmd: compileSnippet
  api=4 type=1 insize=3447 outsize=2777 kw= pd= ok=1
Cmd: preprocess
  insize=4342 outsize=1198 ok=1
Cmd: compileSnippet
  api=4 type=0 insize=3445 outsize=2452 kw= pd= ok=1
Cmd: compileSnippet
  api=4 type=1 insize=3445 outsize=5450 kw= pd= ok=1
Cmd: compileSnippet
  api=4 type=0 insize=7364 outsize=3508 kw=DIRECTIONAL SHADOWS_OFF LIGHTMAP_OFF DIRLIGHTMAP_OFF DYNAMICLIGHTMAP_OFF pd= ok=1
Cmd: compileSnippet
  api=4 type=1 insize=7364 outsize=10163 kw=DIRECTIONAL SHADOWS_OFF LIGHTMAP_OFF DIRLIGHTMAP_OFF DYNAMICLIGHTMAP_OFF pd= ok=1
Cmd: preprocess
  insize=4233 outsize=1198 ok=1
Cmd: compileSnippet
  api=4 type=0 insize=3336 outsize=2452 kw= pd= ok=1
Cmd: compileSnippet
  api=4 type=1 insize=3336 outsize=5450 kw= pd= ok=1
Cmd: preprocess
  insize=1488 outsize=617 ok=1
Cmd: compileSnippet
  api=4 type=0 insize=1170 outsize=1509 kw= pd= ok=1
Cmd: compileSnippet
  api=4 type=1 insize=1170 outsize=1006 kw= pd= ok=1
Cmd: preprocess
  insize=1487 outsize=617 ok=1
Cmd: compileSnippet
  api=4 type=0 insize=1169 outsize=1509 kw= pd= ok=1
Cmd: compileSnippet
  api=4 type=1 insize=1169 outsize=1006 kw= pd= ok=1
Cmd: preprocess
  insize=1487 outsize=617 ok=1
Cmd: preprocess
  insize=1488 outsize=618 ok=1
Cmd: preprocess
  insize=942 outsize=241 ok=1
Cmd: compileSnippet
  api=4 type=0 insize=1000 outsize=1087 kw= pd= ok=1
Cmd: compileSnippet
  api=4 type=1 insize=1000 outsize=616 kw= pd= ok=1
Cmd: compileSnippet
  api=4 type=0 insize=70382 outsize=4800 kw=DIRECTIONAL SHADOWS_OFF LIGHTMAP_OFF DIRLIGHTMAP_COMBINED DYNAMICLIGHTMAP_ON _TERRAIN_NORMAL_MAP pd= ok=1
Cmd: compileSnippet
  api=4 type=1 insize=70382 outsize=13640 kw=DIRECTIONAL SHADOWS_OFF LIGHTMAP_OFF DIRLIGHTMAP_COMBINED DYNAMICLIGHTMAP_ON _TERRAIN_NORMAL_MAP pd= ok=1
Cmd: preprocess
  insize=4273 outsize=1198 ok=1
Cmd: compileSnippet
  api=4 type=0 insize=3376 outsize=2452 kw= pd= ok=1
Cmd: compileSnippet
  api=4 type=1 insize=3376 outsize=1379 kw= pd= ok=1
Cmd: preprocess
  insize=4233 outsize=1198 ok=1
Cmd: preprocess
  insize=4289 outsize=1197 ok=1
Cmd: compileSnippet
  api=4 type=0 insize=3392 outsize=2452 kw= pd= ok=1
Cmd: compileSnippet
  api=4 type=1 insize=3392 outsize=1477 kw= pd= ok=1
Cmd: preprocess
  insize=4239 outsize=1195 ok=1
Cmd: compileSnippet
  api=4 type=0 insize=3342 outsize=2452 kw= pd= ok=1
Cmd: compileSnippet
  api=4 type=1 insize=3342 outsize=5507 kw= pd= ok=1
Cmd: preprocess
  insize=1506 outsize=618 ok=1
Cmd: compileSnippet
  api=4 type=0 insize=1187 outsize=1509 kw= pd= ok=1
Cmd: compileSnippet
  api=4 type=1 insize=1187 outsize=1071 kw= pd= ok=1
